<?xml version="1.0" encoding="UTF-8" standalone="no"?>
<testsuite errors="0" failures="4" name="io.cucumber.core.plugin.JUnitFormatter" skipped="0" tests="4" time="8.453">
    <testcase classname="MyStore Login page details" name="My Store Login title verification" time="2.668">
        <failure message="The scenario has pending or undefined step(s)" type="java.lang.Exception"><![CDATA[Given User is on Login page.................................................undefined
When User gets page title...................................................skipped
And Title should be "Login - My Store"......................................skipped
]]></failure>
    </testcase>
    <testcase classname="MyStore Login page details" name="Verify user is able to Login My store" time="1.859">
        <failure message="The scenario has pending or undefined step(s)" type="java.lang.Exception"><![CDATA[Given User is on Login page.................................................undefined
When User enters the username as "rajesh.vadlamudi999@gmail.com"............skipped
When User enters the password as "Mystore"..................................skipped
And User clicks on Login button.............................................skipped
Then User gets page title...................................................skipped
And Title of the home page should be "My account - My Store"................skipped
]]></failure>
    </testcase>
    <testcase classname="My Account page details" name="MyAccount details page title" time="1.882">
        <failure message="The scenario has pending or undefined step(s)" type="java.lang.Exception"><![CDATA[Given User login into Shopping site.........................................undefined
Given User is on MyAccount details page.....................................skipped
When User gets page title...................................................skipped
When Title of the home page should be "My account - My Store"...............skipped
]]></failure>
    </testcase>
    <testcase classname="My Account page details" name="My Account details page options for selection" time="1.864">
        <failure message="The scenario has pending or undefined step(s)" type="java.lang.Exception"><![CDATA[Given User login into Shopping site.........................................undefined
Given User is on MyAccount details page.....................................skipped
When Account section is available...........................................skipped
Then Options should be available............................................skipped
And options count should be 5...............................................skipped
]]></failure>
    </testcase>
</testsuite>
